[debug] > Exec(early(addDefaultCommands), None, None)
[debug] > Exec(addDefaultCommands, None, None)
[debug] > Exec(early(initialize), None, None)
[debug] > Exec(initialize, None, None)
[debug] > Exec(early(addPluginSbtFile="""C:\Users\damerlashiva.s\AppData\Local\Temp\idea.sbt"""), None, None)
[debug] > Exec(addPluginSbtFile="""C:\Users\damerlashiva.s\AppData\Local\Temp\idea.sbt""", None, None)
[debug] > Exec(boot, None, None)
[debug] > Exec(writeSbtVersion, None, None)
[debug] > Exec(reload, None, None)
[debug] > Exec(sbtStashOnFailure, None, None)
[debug] > Exec(onFailure loadFailed, None, None)
[debug] > Exec(loadp, None, None)
[info] welcome to sbt 1.10.5 (Oracle Corporation Java 23.0.1)
[debug] Load.defaultLoad until apply took 101.8042ms
[debug]           Load.loadUnit: plugins took 62.7673ms
[debug]           Load.loadUnit: defsScala took 0.2024ms
[debug] [Loading] Scanning directory C:\Users\damerlashiva.s\Desktop\Basic Scala\project
[debug]             Load.loadUnit: mkEval took 5.6759ms
[debug] [Loading] Found non-root projects 
[debug] [Loading] Done in C:\Users\damerlashiva.s\Desktop\Basic Scala\project, returning: ()
[debug] deducing auto plugins based on known facts Set(Atom(sbt.plugins.CorePlugin)) and clauses Clauses(Clause(Atom(sbt.plugins.JvmPlugin),Set(Atom(sbt.plugins.IvyPlugin)))
[debug] Clause(Atom(sbt.ScriptedPlugin),Set(Atom(sbt.plugins.JvmPlugin)))
[debug] Clause(Atom(sbt.plugins.SbtPlugin),Set(Atom(sbt.ScriptedPlugin)))
[debug] Clause(Atom(sbt.plugins.SemanticdbPlugin),Set(Atom(sbt.plugins.JvmPlugin)))
[debug] Clause(Atom(sbt.plugins.JUnitXmlReportPlugin),Set(Atom(sbt.plugins.JvmPlugin)))
[debug] Clause(Atom(sbt.plugins.MiniDependencyTreePlugin),Set(Atom(sbt.plugins.JvmPlugin)))
[debug] Clause(Atom(sbt.plugins.CorePlugin),Set(Atom(sbt.plugins.IvyPlugin)))
[debug] Clause(Atom(sbt.plugins.IvyPlugin),Set(Atom(sbt.plugins.JvmPlugin)))
[debug] Clause(Atom(sbt.plugins.JvmPlugin),Set(Atom(sbt.plugins.SemanticdbPlugin)))
[debug] Clause(Atom(sbt.plugins.JvmPlugin),Set(Atom(sbt.plugins.JUnitXmlReportPlugin)))
[debug] Clause(Atom(sbt.plugins.CorePlugin),Set(Atom(sbt.plugins.Giter8TemplatePlugin)))
[debug] Clause(Atom(sbt.plugins.JvmPlugin),Set(Atom(sbt.plugins.MiniDependencyTreePlugin))))
[debug]   :: deduced result: Matched(sbt.plugins.CorePlugin,sbt.plugins.Giter8TemplatePlugin,sbt.plugins.IvyPlugin,sbt.plugins.JvmPlugin,sbt.plugins.MiniDependencyTreePlugin,sbt.plugins.JUnitXmlReportPlugin,sbt.plugins.SemanticdbPlugin)
[debug] Plugins.deducer#function took 12.1376 ms
[info] loading settings for project basic-scala-build from idea.sbt ...
[debug]               Load.resolveProject(basic-scala-build) took 41.3822ms
[debug]             Load.loadTransitive: finalizeProject(Project(id basic-scala-build, base: C:\Users\damerlashiva.s\Desktop\Basic Scala\project, plugins: List(<none>))) took 60.9598ms
[debug] [Loading] Done in C:\Users\damerlashiva.s\Desktop\Basic Scala\project, returning: (basic-scala-build)
[debug]           Load.loadUnit: loadedProjectsRaw took 2234.5331ms
[debug]           Load.loadUnit: cleanEvalClasses took 9.3892ms
[debug]         Load.loadUnit(file:/C:/Users/damerlashiva.s/Desktop/Basic%20Scala/project/, ...) took 2311.6313ms
[debug]       Load.apply: load took 2429.9581ms
[debug]       Load.apply: resolveProjects took 4.542ms
[debug]       Load.apply: finalTransforms took 62.8186ms
[debug]       Load.apply: config.delegates took 6.6643ms
[debug]       Load.apply: Def.make(settings)... took 322.9973ms
[debug]       Load.apply: structureIndex took 82.3296ms
[debug]       Load.apply: mkStreams took 1.3777ms
[info] loading project definition from C:\Users\damerlashiva.s\Desktop\Basic Scala\project
[debug] Running task... Cancel: Signal, check cycles: false, forcegc: true
[debug]     Load.loadUnit: plugins took 4441.763ms
[debug]     Load.loadUnit: defsScala took 0.0036ms
[debug] [Loading] Scanning directory C:\Users\damerlashiva.s\Desktop\Basic Scala
[debug]       Load.loadUnit: mkEval took 0.2286ms
[debug] [Loading] Found root project root w/ remaining 
[debug] deducing auto plugins based on known facts Set(Atom(sbt.plugins.CorePlugin)) and clauses Clauses(Clause(Atom(sbt.plugins.JvmPlugin),Set(Atom(sbt.plugins.IvyPlugin)))
[debug] Clause(Atom(sbt.ScriptedPlugin),Set(Atom(sbt.plugins.JvmPlugin)))
[debug] Clause(Atom(sbt.plugins.SbtPlugin),Set(Atom(sbt.ScriptedPlugin)))
[debug] Clause(Atom(sbt.plugins.SemanticdbPlugin),Set(Atom(sbt.plugins.JvmPlugin)))
[debug] Clause(Atom(sbt.plugins.JUnitXmlReportPlugin),Set(Atom(sbt.plugins.JvmPlugin)))
[debug] Clause(Atom(sbt.plugins.MiniDependencyTreePlugin),Set(Atom(sbt.plugins.JvmPlugin)))
[debug] Clause(Atom(org.jetbrains.sbt.StructurePlugin),Set(Atom(sbt.plugins.JvmPlugin)))
[debug] Clause(Atom(org.jetbrains.sbt.IdeaShellPlugin),Set(Atom(sbt.plugins.JvmPlugin)))
[debug] Clause(Atom(sbt.plugins.CorePlugin),Set(Atom(sbt.plugins.IvyPlugin)))
[debug] Clause(Atom(sbt.plugins.IvyPlugin),Set(Atom(sbt.plugins.JvmPlugin)))
[debug] Clause(Atom(sbt.plugins.JvmPlugin),Set(Atom(sbt.plugins.SemanticdbPlugin)))
[debug] Clause(Atom(sbt.plugins.JvmPlugin),Set(Atom(sbt.plugins.JUnitXmlReportPlugin)))
[debug] Clause(Atom(sbt.plugins.CorePlugin),Set(Atom(sbt.plugins.Giter8TemplatePlugin)))
[debug] Clause(Atom(sbt.plugins.JvmPlugin),Set(Atom(sbt.plugins.MiniDependencyTreePlugin)))
[debug] Clause(Atom(sbt.plugins.JvmPlugin),Set(Atom(org.jetbrains.sbt.StructurePlugin)))
[debug] Clause(Atom(sbt.plugins.JvmPlugin),Set(Atom(org.jetbrains.sbt.IdeaShellPlugin))))
[debug]   :: deduced result: Matched(sbt.plugins.CorePlugin,sbt.plugins.Giter8TemplatePlugin,sbt.plugins.IvyPlugin,sbt.plugins.JvmPlugin,sbt.plugins.SemanticdbPlugin,sbt.plugins.JUnitXmlReportPlugin,org.jetbrains.sbt.IdeaShellPlugin,org.jetbrains.sbt.StructurePlugin,sbt.plugins.MiniDependencyTreePlugin)
[debug] Plugins.deducer#function took 1.7781 ms
[info] loading settings for project root from build.sbt ...
[debug]         Load.resolveProject(root) took 22.7616ms
[debug]       Load.loadTransitive: finalizeProject(Project(id root, base: C:\Users\damerlashiva.s\Desktop\Basic Scala, plugins: List(<none>))) took 25.6085ms
[debug] [Loading] Done in C:\Users\damerlashiva.s\Desktop\Basic Scala, returning: (root)
[debug]     Load.loadUnit: loadedProjectsRaw took 990.8141ms
[debug]     Load.loadUnit: cleanEvalClasses took 29.8683ms
[debug]   Load.loadUnit(file:/C:/Users/damerlashiva.s/Desktop/Basic%20Scala/, ...) took 5464.4603ms
[debug] Load.apply: load took 5487.0114ms
[debug] Load.apply: resolveProjects took 0.1191ms
[debug] Load.apply: finalTransforms took 29.8553ms
[debug] Load.apply: config.delegates took 0.4937ms
[debug] Load.apply: Def.make(settings)... took 75.3687ms
[debug] Load.apply: structureIndex took 27.9491ms
[debug] Load.apply: mkStreams took 0.0031ms
[info] set current project to Basic Scala (in build file:/C:/Users/damerlashiva.s/Desktop/Basic%20Scala/)
[debug] > Exec(sbtPopOnFailure, None, None)
[debug] > Exec(resumeFromFailure, None, None)
[debug] > Exec(notifyUsersAboutShell, None, None)
[debug] > Exec(iflast shell, None, None)
[debug] > Exec(idea-shell, None, None)
